[debug] [2023-11-01T02:40:14.239Z] ----------------------------------------------------------------------
[debug] [2023-11-01T02:40:14.244Z] Command:       /opt/homebrew/Cellar/node/20.5.0/bin/node /opt/homebrew/bin/firebase deploy
[debug] [2023-11-01T02:40:14.244Z] CLI Version:   12.4.4
[debug] [2023-11-01T02:40:14.245Z] Platform:      darwin
[debug] [2023-11-01T02:40:14.245Z] Node Version:  v20.5.0
[debug] [2023-11-01T02:40:14.245Z] Time:          Tue Oct 31 2023 22:40:14 GMT-0400 (Eastern Daylight Time)
[debug] [2023-11-01T02:40:14.245Z] ----------------------------------------------------------------------
[debug] 
[debug] [2023-11-01T02:40:14.308Z] > command requires scopes: ["email","openid","https://www.googleapis.com/auth/cloudplatformprojects.readonly","https://www.googleapis.com/auth/firebase","https://www.googleapis.com/auth/cloud-platform"]
[debug] [2023-11-01T02:40:14.308Z] > authorizing via signed-in user (mcgamejam@mcgilleus.ca)
[debug] [2023-11-01T02:40:14.309Z] [iam] checking project mcgamejam-temporary for permissions ["firebase.projects.get","firebasehosting.sites.update"]
[debug] [2023-11-01T02:40:14.309Z] > refreshing access token with scopes: []
[debug] [2023-11-01T02:40:14.310Z] >>> [apiv2][query] POST https://www.googleapis.com/oauth2/v3/token [none]
[debug] [2023-11-01T02:40:14.310Z] >>> [apiv2][body] POST https://www.googleapis.com/oauth2/v3/token [omitted]
[debug] [2023-11-01T02:40:14.521Z] <<< [apiv2][status] POST https://www.googleapis.com/oauth2/v3/token 200
[debug] [2023-11-01T02:40:14.521Z] <<< [apiv2][body] POST https://www.googleapis.com/oauth2/v3/token [omitted]
[debug] [2023-11-01T02:40:14.540Z] >>> [apiv2][query] POST https://cloudresourcemanager.googleapis.com/v1/projects/mcgamejam-temporary:testIamPermissions [none]
[debug] [2023-11-01T02:40:14.540Z] >>> [apiv2][(partial)header] POST https://cloudresourcemanager.googleapis.com/v1/projects/mcgamejam-temporary:testIamPermissions x-goog-quota-user=projects/mcgamejam-temporary
[debug] [2023-11-01T02:40:14.540Z] >>> [apiv2][body] POST https://cloudresourcemanager.googleapis.com/v1/projects/mcgamejam-temporary:testIamPermissions {"permissions":["firebase.projects.get","firebasehosting.sites.update"]}
[debug] [2023-11-01T02:40:14.925Z] <<< [apiv2][status] POST https://cloudresourcemanager.googleapis.com/v1/projects/mcgamejam-temporary:testIamPermissions 200
[debug] [2023-11-01T02:40:14.925Z] <<< [apiv2][body] POST https://cloudresourcemanager.googleapis.com/v1/projects/mcgamejam-temporary:testIamPermissions {"permissions":["firebase.projects.get","firebasehosting.sites.update"]}
[debug] [2023-11-01T02:40:14.925Z] >>> [apiv2][query] GET https://firebase.googleapis.com/v1beta1/projects/mcgamejam-temporary [none]
[debug] [2023-11-01T02:40:15.302Z] <<< [apiv2][status] GET https://firebase.googleapis.com/v1beta1/projects/mcgamejam-temporary 200
[debug] [2023-11-01T02:40:15.302Z] <<< [apiv2][body] GET https://firebase.googleapis.com/v1beta1/projects/mcgamejam-temporary {"projectId":"mcgamejam-temporary","projectNumber":"601686189968","displayName":"mcgamejam-temporary","name":"projects/mcgamejam-temporary","resources":{"hostingSite":"mcgamejam-temporary"},"state":"ACTIVE","etag":"1_37293958-e3ce-4779-a40b-e1c49ba9de3a"}
[info] 
   Thank you for trying our early preview of Next.js support on Firebase Hosting.
   During the preview, support is best-effort and breaking changes can be expected. Proceed with caution.

   Documentation: https://firebase.google.com/docs/hosting/frameworks/nextjs
   File a bug: https://github.com/firebase/firebase-tools/issues/new?template=bug_report.md
   Submit a feature request: https://github.com/firebase/firebase-tools/issues/new?template=feature_request.md

   We'd love to learn from you. Express your interest in helping us shape the future of Firebase Hosting: https://goo.gle/41enW5X

[info] - info Creating an optimized production build...

